<?xml version="1.0" encoding="UTF-8"?>
<!-- Generated by org.testng.reporters.JUnitXMLReporter -->
<testsuite ignored="0" hostname="DESKTOP-9N6SF7C" failures="1" tests="2" name="Test" time="36.816" errors="0" timestamp="2025-07-09T06:54:44 IST">
  <testcase classname="TestCases.TC001_AccountRegistrationTest" name="verify_account_registration" time="6.194"/>
  <testcase classname="TestCases.TC002_LoginTest" name="Verify_Login" time="13.996">
    <failure type="java.lang.AssertionError" message="expected [true] but found [false]">
      <![CDATA[java.lang.AssertionError: expected [true] but found [false]
at TestCases.TC002_LoginTest.Verify_Login(TC002_LoginTest.java:34)
at java.base/java.util.ArrayList.forEach(ArrayList.java:1596)
... Removed 29 stack frames]]>
    </failure>
  </testcase> <!-- Verify_Login -->
</testsuite> <!-- Test -->
